[0m[[0m[0mdebug[0m] [0m[0m> Exec(test, None, None)[0m
[0m[[0m[0mdebug[0m] [0m[0mEvaluating tasks: Test / test[0m
[0m[[0m[0mdebug[0m] [0m[0mRunning task... Cancel: Signal, check cycles: false, forcegc: true[0m
[0m[[0m[0minfo[0m] [0m[0mcompiling 1 Scala source to /Users/adnangondal/proj/scala/retirement_calculator/target/scala-2.13/test-classes ...[0m
[0m[[0m[0minfo[0m] [0m[0mdone compiling[0m
[0m[[0m[0minfo[0m] [0m[0m[32mRetCalcSpec:[0m[0m
[0m[[0m[0minfo[0m] [0m[0m[32mRetCalc.futureCapital[0m[0m
[0m[[0m[0minfo[0m] [0m[0m[32m- should calculate the amount of savings I will have in n months[0m[0m
[0m[[0m[0minfo[0m] [0m[0m[32mRetCalc.futureCapital[0m[0m
[0m[[0m[0minfo[0m] [0m[0m[32m- should calculate how much savings will be left after having taken a pension for n months[0m[0m
[0m[[0m[0minfo[0m] [0m[0m[32mRetCalc.simulatePlan[0m[0m
[0m[[0m[0minfo[0m] [0m[0m[32m- should calculate the capital at retirement and capital after death[0m[0m
[0m[[0m[0minfo[0m] [0m[0m[32mRetCalc.nbOfMonthsSaving[0m[0m
[0m[[0m[0minfo[0m] [0m[0m[32m- should calculate how long I need to save before I can retire[0m[0m
[0m[[0m[0minfo[0m] [0m[0m[32m- should not crash if the resulting nbOfMonths is very high[0m[0m
[0m[[0m[0minfo[0m] [0m[0m[33m- should not loop forever if I enter bad parameters (pending)[0m[0m
[0m[[0m[0minfo[0m] [0m[0m[36mRun completed in 870 milliseconds.[0m[0m
[0m[[0m[0minfo[0m] [0m[0m[36mTotal number of tests run: 5[0m[0m
[0m[[0m[0minfo[0m] [0m[0m[36mSuites: completed 1, aborted 0[0m[0m
[0m[[0m[0minfo[0m] [0m[0m[36mTests: succeeded 5, failed 0, canceled 0, ignored 0, pending 1[0m[0m
[0m[[0m[0minfo[0m] [0m[0m[32mAll tests passed.[0m[0m
[0m[[0m[32msuccess[0m] [0m[0mTotal time: 3 s, completed 04-Jan-2022 12:36:03[0m
[0m[[0m[0mdebug[0m] [0m[0m> Exec(idea-shell, None, None)[0m
