[0m[[0m[0mdebug[0m] [0m[0m> Exec(test, None, None)[0m
[0m[[0m[0mdebug[0m] [0m[0mEvaluating tasks: Test / test[0m
[0m[[0m[0mdebug[0m] [0m[0mRunning task... Cancel: Signal, check cycles: false, forcegc: true[0m
[0m[[0m[0minfo[0m] [0m[0mcompiling 1 Scala source to /Users/adnangondal/proj/scala/retirement_calculator/target/scala-2.13/classes ...[0m
[0m[[0m[0minfo[0m] [0m[0mdone compiling[0m
[0m[[0m[0minfo[0m] [0m[0mcompiling 1 Scala source to /Users/adnangondal/proj/scala/retirement_calculator/target/scala-2.13/test-classes ...[0m
[0m[[0m[31merror[0m] [0m[0m/Users/adnangondal/proj/scala/retirement_calculator/src/test/scala/retcalc/RetCalcSpec.scala:44:14: types Option[Int] and Int do not adhere to the type constraint selected for the === and !== operators; the missing implicit parameter is of type org.scalactic.CanEqual[Option[Int],Int][0m
[0m[[0m[31merror[0m] [0m[0m      actual should ===(expected)[0m
[0m[[0m[31merror[0m] [0m[0m             ^[0m
[0m[[0m[31merror[0m] [0m[0m/Users/adnangondal/proj/scala/retirement_calculator/src/test/scala/retcalc/RetCalcSpec.scala:53:14: types Option[Int] and Int do not adhere to the type constraint selected for the === and !== operators; the missing implicit parameter is of type org.scalactic.CanEqual[Option[Int],Int][0m
[0m[[0m[31merror[0m] [0m[0m      actual should ===(expected)[0m
[0m[[0m[31merror[0m] [0m[0m             ^[0m
[0m[[0m[31merror[0m] [0m[0m/Users/adnangondal/proj/scala/retirement_calculator/src/test/scala/retcalc/RetCalcSpec.scala:60:14: types Option[Int] and Int do not adhere to the type constraint selected for the === and !== operators; the missing implicit parameter is of type org.scalactic.CanEqual[Option[Int],Int][0m
[0m[[0m[31merror[0m] [0m[0m      actual should === (Int.MaxValue)[0m
[0m[[0m[31merror[0m] [0m[0m             ^[0m
[0m[[0m[31merror[0m] [0m[0mthree errors found[0m
[0m[[0m[0mdebug[0m] [0m[0mForcing garbage collection...[0m
[0m[[0m[31merror[0m] [0m[0m(Test / [31mcompileIncremental[0m) Compilation failed[0m
[0m[[0m[31merror[0m] [0m[0mTotal time: 11 s, completed 05-Jan-2022 12:43:46[0m
[0m[[0m[0mdebug[0m] [0m[0m> Exec(idea-shell, None, None)[0m
