[0m[[0m[0mdebug[0m] [0m[0m> Exec(submit trainee.adnan.gondal@sigmalabs.co.uk 9nziknJd59fxl4Zo, Some(7d3300b7-a0db-46d0-a5ad-81c54bedd2c1), Some(CommandSource(console0)))[0m
[0m[[0m[0mdebug[0m] [0m[0mEvaluating tasks: submit[0m
[0m[[0m[0mdebug[0m] [0m[0mRunning task... Cancel: Signal, check cycles: false, forcegc: true[0m
[0m[[0m[0minfo[0m] [0m[0mUpdating [0m
[0m[[0m[0minfo[0m] [0m[0mResolved  dependencies[0m
[0m[[0m[0minfo[0m] [0m[0mFetching artifacts of [0m
[0m[[0m[0minfo[0m] [0m[0mFetched artifacts of [0m
[0m[[0m[0minfo[0m] [0m[0mcompiling 2 Scala sources to /Users/adnangondal/proj/scala/fireworks/target/scala-3.0.0/classes ...[0m
[0m[[0m[0minfo[0m] [0m[0mAttempting to submit "fireworks" assignment in "effective-scala" course[0m
[0m[[0m[0minfo[0m] [0m[0mUsing:[0m
[0m[[0m[0minfo[0m] [0m[0m- email: trainee.adnan.gondal@sigmalabs.co.uk[0m
[0m[[0m[0minfo[0m] [0m[0m- submit token: 9nziknJd59fxl4Zo[0m
[0m[[0m[0minfo[0m] [0m[0mConnecting to Coursera...[0m
[0m[[0m[0minfo[0m] [0m[0mSuccessfully connected to Coursera. (Status 201)[0m
[0m[[0m[0minfo[0m] [0m[0m[0m
[0m[[0m[0minfo[0m] [0m[0mAssignment submitted successfully![0m
[0m[[0m[0minfo[0m] [0m[0m[0m
[0m[[0m[0minfo[0m] [0m[0mYou can see how you scored by going to:[0m
[0m[[0m[0minfo[0m] [0m[0mhttps://www.coursera.org/learn/effective-scala/programming/jiQL9/[0m
[0m[[0m[0minfo[0m] [0m[0mor (for premium learners):[0m
[0m[[0m[0minfo[0m] [0m[0mhttps://www.coursera.org/learn/effective-scala/programming/MT64m[0m
[0m[[0m[0minfo[0m] [0m[0m                       [0m
[0m[[0m[0minfo[0m] [0m[0mand clicking on "My Submission".[0m
[0m[[0m[32msuccess[0m] [0m[0mTotal time: 16 s, completed 02-Dec-2021 17:54:01[0m
[0m[[0m[0mdebug[0m] [0m[0m> Exec(shell, None, None)[0m
[0m[[0m[0mdebug[0m] [0m[0mForcing garbage collection...[0m
