[0m[[0m[0mdebug[0m] [0m[0m> Exec(test, Some(2243a3af-dcbf-4f5a-a1fc-7fb80d760303), Some(CommandSource(console0)))[0m
[0m[[0m[0mdebug[0m] [0m[0mEvaluating tasks: Test / test[0m
[0m[[0m[0mdebug[0m] [0m[0mRunning task... Cancel: Signal, check cycles: false, forcegc: true[0m
[0m[[0m[0minfo[0m] [0m[0mUpdating [0m
[0m[[0m[0minfo[0m] [0m[0mResolved  dependencies[0m
[0m[[0m[0minfo[0m] [0m[0mUpdating [0m
[0m[[0m[0minfo[0m] [0m[0mResolved  dependencies[0m
[0m[[0m[0minfo[0m] [0m[0mFetching artifacts of [0m
[0m[[0m[0minfo[0m] [0m[0mFetched artifacts of [0m
[0m[[0m[0minfo[0m] [0m[0mcompiling 1 Scala source to /Users/adnangondal/proj/scala/blackjack/target/scala-2.13/test-classes ...[0m
[0m[[0m[31merror[0m] [0m[0m/Users/adnangondal/proj/scala/blackjack/src/test/scala/DeckTest.scala:1:8: object FunSuite is not a member of package org.scalatest[0m
[0m[[0m[31merror[0m] [0m[0mdid you mean funsuite?[0m
[0m[[0m[31merror[0m] [0m[0mimport org.scalatest.FunSuite[0m
[0m[[0m[31merror[0m] [0m[0m       ^[0m
[0m[[0m[31merror[0m] [0m[0m/Users/adnangondal/proj/scala/blackjack/src/test/scala/DeckTest.scala:3:24: not found: type FunSuite[0m
[0m[[0m[31merror[0m] [0m[0mclass DeckTest extends FunSuite{[0m
[0m[[0m[31merror[0m] [0m[0m                       ^[0m
[0m[[0m[33mwarn[0m] [0m[0mGetting the hostname Adnans-MacBook-Pro.local was slow (5006.175166 ms). This is likely because the computer's hostname is not set. You can set the hostname with the command: scutil --set HostName "$(scutil --get LocalHostName).local".[0m
[0m[[0m[31merror[0m] [0m[0m/Users/adnangondal/proj/scala/blackjack/src/test/scala/DeckTest.scala:5:3: not found: value test[0m
[0m[[0m[31merror[0m] [0m[0m  test("the name is set correctly in constructor") {[0m
[0m[[0m[31merror[0m] [0m[0m  ^[0m
[0m[[0m[31merror[0m] [0m[0mthree errors found[0m
[0m[[0m[31merror[0m] [0m[0m(Test / [31mcompileIncremental[0m) Compilation failed[0m
[0m[[0m[31merror[0m] [0m[0mTotal time: 6 s, completed 30-Nov-2021 13:08:50[0m
[0m[[0m[0mdebug[0m] [0m[0m> Exec(shell, None, None)[0m
[0m[[0m[0minfo[0m] [0m[0mshutting down sbt server[0m
